2025-11-10 10:39:26.759 -05:00 [WRN] Overriding address(es) 'http://localhost:8080'. Binding to endpoints defined via IConfiguration and/or UseKestrel() instead.
2025-11-10 10:39:26.845 -05:00 [INF] Now listening on: http://[::]:8080
2025-11-10 10:39:27.167 -05:00 [INF] Application started. Press Ctrl+C to shut down.
2025-11-10 10:39:27.168 -05:00 [INF] Hosting environment: Development
2025-11-10 10:39:27.170 -05:00 [INF] Content root path: C:\Users\viamatica\Documents\Entrevista\CineBFP\src\CineBFP\CineBFP.Api
2025-11-10 10:39:28.012 -05:00 [INF] HTTP GET / responded 405 in 107.2966 ms
2025-11-10 11:14:47.729 -05:00 [WRN] Overriding address(es) 'http://localhost:8080'. Binding to endpoints defined via IConfiguration and/or UseKestrel() instead.
2025-11-10 11:14:47.839 -05:00 [INF] Now listening on: http://[::]:8080
2025-11-10 11:14:48.426 -05:00 [INF] Application started. Press Ctrl+C to shut down.
2025-11-10 11:14:48.429 -05:00 [INF] Hosting environment: Development
2025-11-10 11:14:48.439 -05:00 [INF] Content root path: C:\Users\viamatica\Documents\Entrevista\CineBFP\src\CineBFP\CineBFP.Api
2025-11-10 11:14:48.700 -05:00 [INF] HTTP GET / responded 405 in 62.6902 ms
2025-11-10 11:15:36.739 -05:00 [INF] HTTP OPTIONS /api/v1/user responded 204 in 13.1545 ms
2025-11-10 11:15:37.023 -05:00 [INF] UserController::Iniciando con insertar el usaurio.-->CineBFP.Application.User.Models.UserInput
2025-11-10 11:15:39.898 -05:00 [INF] UserController::Fin con insertar el usaurio.
2025-11-10 11:15:39.911 -05:00 [INF] HTTP POST /api/v1/user responded 200 in 3163.2209 ms
2025-11-10 11:15:45.338 -05:00 [INF] HTTP OPTIONS /api/v1/login responded 204 in 0.1479 ms
2025-11-10 11:15:45.354 -05:00 [INF] UserController::Iniciando con el logueo del usuario.-->CineBFP.Application.User.Models.LoginInput
2025-11-10 11:15:45.740 -05:00 [INF] UserController::Fin con el logueo del usuario.-->CineBFP.Application.User.Models.LoginInput
2025-11-10 11:15:45.743 -05:00 [INF] HTTP POST /api/v1/login responded 200 in 398.9274 ms
2025-11-10 11:15:45.826 -05:00 [INF] HTTP OPTIONS /api/v1/user responded 204 in 0.0385 ms
2025-11-10 11:15:45.970 -05:00 [INF] HTTP GET /api/v1/user responded 200 in 138.5804 ms
2025-11-10 11:17:22.368 -05:00 [INF] HTTP OPTIONS /api/v1/user responded 204 in 0.1335 ms
2025-11-10 11:17:22.659 -05:00 [INF] HTTP GET /api/v1/user responded 200 in 225.7697 ms
2025-11-10 11:17:45.738 -05:00 [INF] HTTP OPTIONS /api/v1/movies responded 204 in 0.1369 ms
2025-11-10 11:17:45.792 -05:00 [INF] HTTP GET /api/v1/movies responded 200 in 37.9656 ms
2025-11-10 11:17:58.558 -05:00 [INF] HTTP OPTIONS /api/v1/user responded 204 in 0.1207 ms
2025-11-10 11:17:58.581 -05:00 [INF] HTTP GET /api/v1/user responded 200 in 15.4011 ms
2025-11-10 11:22:44.293 -05:00 [INF] HTTP OPTIONS /api/v1/user responded 204 in 0.1337 ms
2025-11-10 11:22:45.642 -05:00 [INF] HTTP GET /api/v1/user responded 200 in 1328.9018 ms
2025-11-10 11:22:51.704 -05:00 [INF] HTTP OPTIONS /api/v1/user responded 204 in 0.1100 ms
2025-11-10 11:22:51.736 -05:00 [INF] HTTP GET /api/v1/user responded 200 in 8.3898 ms
2025-11-10 11:24:09.895 -05:00 [INF] HTTP OPTIONS /api/v1/user responded 204 in 1.2408 ms
2025-11-10 11:24:09.923 -05:00 [INF] HTTP GET /api/v1/user responded 200 in 17.1158 ms
2025-11-10 11:30:09.086 -05:00 [INF] HTTP GET /api/v1/movies responded 401 in 10.3605 ms
2025-11-10 11:30:09.243 -05:00 [INF] HTTP GET /api/v1/user responded 401 in 3.3249 ms
2025-11-10 11:30:25.319 -05:00 [INF] HTTP OPTIONS /api/v1/user responded 204 in 0.0724 ms
2025-11-10 11:30:26.502 -05:00 [INF] HTTP GET /api/v1/user responded 200 in 1172.4846 ms
2025-11-10 11:36:34.230 -05:00 [INF] HTTP OPTIONS /api/v1/user responded 204 in 3.6767 ms
2025-11-10 11:36:34.237 -05:00 [INF] UserController::Iniciando con insertar el usaurio.-->CineBFP.Application.User.Models.UserInput
2025-11-10 11:36:35.384 -05:00 [INF] UserController::Fin con insertar el usaurio.
2025-11-10 11:36:35.387 -05:00 [INF] HTTP POST /api/v1/user responded 200 in 1152.0811 ms
2025-11-10 11:36:35.403 -05:00 [INF] HTTP GET /api/v1/user responded 200 in 10.1622 ms
2025-11-10 11:37:28.550 -05:00 [INF] HTTP OPTIONS /api/v1/movies responded 204 in 2.0130 ms
2025-11-10 11:37:28.572 -05:00 [INF] HTTP GET /api/v1/movies responded 200 in 14.6162 ms
2025-11-10 11:39:02.677 -05:00 [INF] HTTP OPTIONS /api/v1/movie responded 204 in 2.0847 ms
2025-11-10 11:39:02.734 -05:00 [INF] HTTP POST /api/v1/movie responded 200 in 48.5459 ms
2025-11-10 11:39:02.743 -05:00 [INF] HTTP OPTIONS /api/v1/movies responded 204 in 0.0355 ms
2025-11-10 11:39:02.761 -05:00 [INF] HTTP GET /api/v1/movies responded 200 in 14.1024 ms
2025-11-10 11:39:28.898 -05:00 [INF] HTTP OPTIONS /api/v1/user responded 204 in 0.0667 ms
2025-11-10 11:39:28.917 -05:00 [INF] HTTP GET /api/v1/user responded 200 in 14.0251 ms
2025-11-10 11:39:52.410 -05:00 [INF] HTTP OPTIONS /api/v1/login responded 204 in 0.1012 ms
2025-11-10 11:39:52.416 -05:00 [INF] UserController::Iniciando con el logueo del usuario.-->CineBFP.Application.User.Models.LoginInput
2025-11-10 11:39:52.702 -05:00 [INF] UserController::Fin con el logueo del usuario.-->CineBFP.Application.User.Models.LoginInput
2025-11-10 11:39:52.705 -05:00 [INF] HTTP POST /api/v1/login responded 200 in 289.6860 ms
2025-11-10 11:39:52.758 -05:00 [INF] HTTP OPTIONS /api/v1/movies responded 204 in 0.0425 ms
2025-11-10 11:39:52.770 -05:00 [INF] HTTP GET /api/v1/movies responded 200 in 6.4182 ms
2025-11-10 11:40:49.891 -05:00 [INF] HTTP OPTIONS /api/v1/login responded 204 in 0.1968 ms
2025-11-10 11:40:49.903 -05:00 [INF] UserController::Iniciando con el logueo del usuario.-->CineBFP.Application.User.Models.LoginInput
2025-11-10 11:40:49.914 -05:00 [WRN] Login fallido: correo no encontrado. Correo=VMT-SRIVERA@BANCOGUAYAQUIL.COM
2025-11-10 11:40:49.915 -05:00 [INF] UserController::Fin con el logueo del usuario.-->CineBFP.Application.User.Models.LoginInput
2025-11-10 11:40:49.917 -05:00 [INF] HTTP POST /api/v1/login responded 200 in 15.3158 ms
2025-11-10 11:41:41.931 -05:00 [INF] HTTP OPTIONS /api/v1/login responded 204 in 0.0775 ms
2025-11-10 11:41:41.941 -05:00 [INF] UserController::Iniciando con el logueo del usuario.-->CineBFP.Application.User.Models.LoginInput
2025-11-10 11:41:42.336 -05:00 [INF] UserController::Fin con el logueo del usuario.-->CineBFP.Application.User.Models.LoginInput
2025-11-10 11:41:42.338 -05:00 [INF] HTTP POST /api/v1/login responded 200 in 397.1943 ms
2025-11-10 11:41:42.436 -05:00 [INF] HTTP OPTIONS /api/v1/movies responded 204 in 0.0466 ms
2025-11-10 11:41:42.455 -05:00 [INF] HTTP GET /api/v1/movies responded 200 in 9.1673 ms
2025-11-10 11:41:58.418 -05:00 [INF] HTTP OPTIONS /api/v1/user responded 204 in 0.4562 ms
2025-11-10 11:41:58.446 -05:00 [INF] HTTP GET /api/v1/user responded 200 in 11.8956 ms
2025-11-10 11:42:35.607 -05:00 [INF] HTTP OPTIONS /api/v1/user/33 responded 204 in 0.0629 ms
2025-11-10 11:42:35.650 -05:00 [INF] HTTP PUT /api/v1/user/33 responded 200 in 32.4720 ms
2025-11-10 11:42:35.657 -05:00 [INF] HTTP OPTIONS /api/v1/user responded 204 in 0.0234 ms
2025-11-10 11:42:35.667 -05:00 [INF] HTTP GET /api/v1/user responded 200 in 4.4679 ms
2025-11-10 11:43:37.747 -05:00 [INF] HTTP OPTIONS /api/v1/login responded 204 in 1.1189 ms
2025-11-10 11:43:37.760 -05:00 [INF] UserController::Iniciando con el logueo del usuario.-->CineBFP.Application.User.Models.LoginInput
2025-11-10 11:43:37.779 -05:00 [WRN] Login fallido: correo no encontrado. Correo=JANGO@BANCOGUAYAQUIL.COM
2025-11-10 11:43:37.781 -05:00 [INF] UserController::Fin con el logueo del usuario.-->CineBFP.Application.User.Models.LoginInput
2025-11-10 11:43:37.784 -05:00 [INF] HTTP POST /api/v1/login responded 200 in 24.2325 ms
2025-11-10 11:43:59.540 -05:00 [INF] HTTP OPTIONS /api/v1/user/33 responded 204 in 1.0147 ms
2025-11-10 11:43:59.581 -05:00 [INF] HTTP DELETE /api/v1/user/33 responded 200 in 22.6719 ms
2025-11-10 11:43:59.586 -05:00 [INF] HTTP OPTIONS /api/v1/user responded 204 in 0.0290 ms
2025-11-10 11:43:59.601 -05:00 [INF] HTTP GET /api/v1/user responded 200 in 9.7911 ms
2025-11-10 11:46:08.174 -05:00 [INF] HTTP OPTIONS /api/v1/movie/11 responded 204 in 0.0534 ms
2025-11-10 11:46:08.237 -05:00 [INF] HTTP DELETE /api/v1/movie/11 responded 200 in 46.2246 ms
2025-11-10 11:46:08.243 -05:00 [INF] HTTP OPTIONS /api/v1/movies responded 204 in 0.0249 ms
2025-11-10 11:46:08.252 -05:00 [INF] HTTP GET /api/v1/movies responded 200 in 4.9235 ms
2025-11-10 11:48:56.105 -05:00 [INF] Application is shutting down...
